2023/09/26 17:37:34 [notice] 1#1: using the "epoll" event method
2023/09/26 17:37:34 [notice] 1#1: nginx/1.21.0
2023/09/26 17:37:34 [notice] 1#1: built by gcc 10.2.1 20201203 (Alpine 10.2.1_pre1) 
2023/09/26 17:37:34 [notice] 1#1: OS: Linux 6.2.0-33-generic
2023/09/26 17:37:34 [notice] 1#1: getrlimit(RLIMIT_NOFILE): 1048576:1048576
2023/09/26 17:37:34 [notice] 1#1: start worker processes
2023/09/26 17:37:34 [notice] 1#1: start worker process 31
2023/09/26 17:37:34 [notice] 1#1: start worker process 32
2023/09/26 17:37:34 [notice] 1#1: start worker process 33
2023/09/26 17:37:34 [notice] 1#1: start worker process 34
2023/09/26 17:37:34 [notice] 1#1: start worker process 35
2023/09/26 17:37:34 [notice] 1#1: start worker process 36
2023/09/26 17:37:34 [notice] 1#1: start worker process 37
2023/09/26 17:37:34 [notice] 1#1: start worker process 38
2023/09/26 19:50:52 [notice] 1#1: signal 3 (SIGQUIT) received, shutting down
2023/09/26 19:50:52 [notice] 34#34: gracefully shutting down
2023/09/26 19:50:52 [notice] 34#34: exiting
2023/09/26 19:50:52 [notice] 34#34: exit
2023/09/26 19:50:52 [notice] 32#32: gracefully shutting down
2023/09/26 19:50:52 [notice] 32#32: exiting
2023/09/26 19:50:52 [notice] 33#33: gracefully shutting down
2023/09/26 19:50:52 [notice] 33#33: exiting
2023/09/26 19:50:52 [notice] 33#33: exit
2023/09/26 19:50:52 [notice] 38#38: gracefully shutting down
2023/09/26 19:50:52 [notice] 38#38: exiting
2023/09/26 19:50:52 [notice] 38#38: exit
2023/09/26 19:50:52 [notice] 36#36: gracefully shutting down
2023/09/26 19:50:52 [notice] 36#36: exiting
2023/09/26 19:50:52 [notice] 36#36: exit
2023/09/26 19:50:52 [notice] 32#32: exit
2023/09/26 19:50:52 [notice] 35#35: gracefully shutting down
2023/09/26 19:50:52 [notice] 35#35: exiting
2023/09/26 19:50:52 [notice] 35#35: exit
2023/09/26 19:50:52 [notice] 37#37: gracefully shutting down
2023/09/26 19:50:52 [notice] 37#37: exiting
2023/09/26 19:50:52 [notice] 37#37: exit
2023/09/26 19:50:52 [notice] 31#31: gracefully shutting down
2023/09/26 19:50:52 [notice] 31#31: exiting
2023/09/26 19:50:52 [notice] 31#31: exit
2023/09/26 19:50:52 [notice] 1#1: signal 17 (SIGCHLD) received from 31
2023/09/26 19:50:52 [notice] 1#1: worker process 31 exited with code 0
2023/09/26 19:50:52 [notice] 1#1: signal 29 (SIGIO) received
2023/09/26 19:50:52 [notice] 1#1: signal 17 (SIGCHLD) received from 37
2023/09/26 19:50:52 [notice] 1#1: worker process 34 exited with code 0
2023/09/26 19:50:52 [notice] 1#1: worker process 37 exited with code 0
2023/09/26 19:50:52 [notice] 1#1: signal 29 (SIGIO) received
2023/09/26 19:50:52 [notice] 1#1: signal 17 (SIGCHLD) received from 32
2023/09/26 19:50:52 [notice] 1#1: worker process 32 exited with code 0
2023/09/26 19:50:52 [notice] 1#1: worker process 38 exited with code 0
2023/09/26 19:50:52 [notice] 1#1: signal 29 (SIGIO) received
2023/09/26 19:50:52 [notice] 1#1: signal 17 (SIGCHLD) received from 33
2023/09/26 19:50:52 [notice] 1#1: worker process 33 exited with code 0
2023/09/26 19:50:52 [notice] 1#1: signal 29 (SIGIO) received
2023/09/26 19:50:52 [notice] 1#1: signal 17 (SIGCHLD) received from 36
2023/09/26 19:50:52 [notice] 1#1: worker process 36 exited with code 0
2023/09/26 19:50:52 [notice] 1#1: signal 29 (SIGIO) received
2023/09/26 19:50:52 [notice] 1#1: signal 17 (SIGCHLD) received from 35
2023/09/26 19:50:52 [notice] 1#1: worker process 35 exited with code 0
2023/09/26 19:50:52 [notice] 1#1: exit
2023/09/26 20:34:03 [notice] 1#1: using the "epoll" event method
2023/09/26 20:34:03 [notice] 1#1: nginx/1.21.0
2023/09/26 20:34:03 [notice] 1#1: built by gcc 10.2.1 20201203 (Alpine 10.2.1_pre1) 
2023/09/26 20:34:03 [notice] 1#1: OS: Linux 6.2.0-33-generic
2023/09/26 20:34:03 [notice] 1#1: getrlimit(RLIMIT_NOFILE): 1048576:1048576
2023/09/26 20:34:03 [notice] 1#1: start worker processes
2023/09/26 20:34:03 [notice] 1#1: start worker process 31
2023/09/26 20:34:03 [notice] 1#1: start worker process 32
2023/09/26 20:34:03 [notice] 1#1: start worker process 33
2023/09/26 20:34:03 [notice] 1#1: start worker process 34
2023/09/26 20:34:03 [notice] 1#1: start worker process 35
2023/09/26 20:34:03 [notice] 1#1: start worker process 36
2023/09/26 20:34:03 [notice] 1#1: start worker process 37
2023/09/26 20:34:03 [notice] 1#1: start worker process 38
2023/09/26 20:38:13 [notice] 1#1: signal 3 (SIGQUIT) received, shutting down
2023/09/26 20:38:13 [notice] 31#31: gracefully shutting down
2023/09/26 20:38:13 [notice] 32#32: gracefully shutting down
2023/09/26 20:38:13 [notice] 33#33: gracefully shutting down
2023/09/26 20:38:13 [notice] 34#34: gracefully shutting down
2023/09/26 20:38:13 [notice] 35#35: gracefully shutting down
2023/09/26 20:38:13 [notice] 36#36: gracefully shutting down
2023/09/26 20:38:13 [notice] 31#31: exiting
2023/09/26 20:38:13 [notice] 32#32: exiting
2023/09/26 20:38:13 [notice] 37#37: gracefully shutting down
2023/09/26 20:38:13 [notice] 33#33: exiting
2023/09/26 20:38:13 [notice] 34#34: exiting
2023/09/26 20:38:13 [notice] 35#35: exiting
2023/09/26 20:38:13 [notice] 36#36: exiting
2023/09/26 20:38:13 [notice] 37#37: exiting
2023/09/26 20:38:13 [notice] 31#31: exit
2023/09/26 20:38:13 [notice] 32#32: exit
2023/09/26 20:38:13 [notice] 34#34: exit
2023/09/26 20:38:13 [notice] 36#36: exit
2023/09/26 20:38:13 [notice] 33#33: exit
2023/09/26 20:38:13 [notice] 35#35: exit
2023/09/26 20:38:13 [notice] 37#37: exit
2023/09/26 20:38:13 [notice] 38#38: gracefully shutting down
2023/09/26 20:38:13 [notice] 38#38: exiting
2023/09/26 20:38:13 [notice] 38#38: exit
2023/09/26 20:38:13 [notice] 1#1: signal 17 (SIGCHLD) received from 32
2023/09/26 20:38:13 [notice] 1#1: worker process 32 exited with code 0
2023/09/26 20:38:13 [notice] 1#1: signal 29 (SIGIO) received
2023/09/26 20:38:13 [notice] 1#1: signal 17 (SIGCHLD) received from 35
2023/09/26 20:38:13 [notice] 1#1: worker process 35 exited with code 0
2023/09/26 20:38:13 [notice] 1#1: worker process 37 exited with code 0
2023/09/26 20:38:13 [notice] 1#1: signal 29 (SIGIO) received
2023/09/26 20:38:13 [notice] 1#1: signal 17 (SIGCHLD) received from 38
2023/09/26 20:38:13 [notice] 1#1: worker process 38 exited with code 0
2023/09/26 20:38:13 [notice] 1#1: signal 29 (SIGIO) received
2023/09/26 20:38:13 [notice] 1#1: signal 17 (SIGCHLD) received from 33
2023/09/26 20:38:13 [notice] 1#1: worker process 33 exited with code 0
2023/09/26 20:38:13 [notice] 1#1: signal 29 (SIGIO) received
2023/09/26 20:38:13 [notice] 1#1: signal 17 (SIGCHLD) received from 36
2023/09/26 20:38:13 [notice] 1#1: worker process 36 exited with code 0
2023/09/26 20:38:13 [notice] 1#1: signal 29 (SIGIO) received
2023/09/26 20:38:13 [notice] 1#1: signal 17 (SIGCHLD) received from 34
2023/09/26 20:38:13 [notice] 1#1: worker process 34 exited with code 0
2023/09/26 20:38:13 [notice] 1#1: signal 29 (SIGIO) received
2023/09/26 20:38:13 [notice] 1#1: signal 17 (SIGCHLD) received from 31
2023/09/26 20:38:13 [notice] 1#1: worker process 31 exited with code 0
2023/09/26 20:38:13 [notice] 1#1: exit
2023/09/26 20:39:05 [notice] 1#1: using the "epoll" event method
2023/09/26 20:39:05 [notice] 1#1: nginx/1.21.0
2023/09/26 20:39:05 [notice] 1#1: built by gcc 10.2.1 20201203 (Alpine 10.2.1_pre1) 
2023/09/26 20:39:05 [notice] 1#1: OS: Linux 6.2.0-33-generic
2023/09/26 20:39:05 [notice] 1#1: getrlimit(RLIMIT_NOFILE): 1048576:1048576
2023/09/26 20:39:05 [notice] 1#1: start worker processes
2023/09/26 20:39:05 [notice] 1#1: start worker process 31
2023/09/26 20:39:05 [notice] 1#1: start worker process 32
2023/09/26 20:39:05 [notice] 1#1: start worker process 33
2023/09/26 20:39:05 [notice] 1#1: start worker process 34
2023/09/26 20:39:05 [notice] 1#1: start worker process 35
2023/09/26 20:39:05 [notice] 1#1: start worker process 36
2023/09/26 20:39:05 [notice] 1#1: start worker process 37
2023/09/26 20:39:05 [notice] 1#1: start worker process 38
2023/09/26 20:40:55 [notice] 1#1: signal 3 (SIGQUIT) received, shutting down
2023/09/26 20:40:55 [notice] 31#31: gracefully shutting down
2023/09/26 20:40:55 [notice] 32#32: gracefully shutting down
2023/09/26 20:40:55 [notice] 33#33: gracefully shutting down
2023/09/26 20:40:55 [notice] 34#34: gracefully shutting down
2023/09/26 20:40:55 [notice] 35#35: gracefully shutting down
2023/09/26 20:40:55 [notice] 36#36: gracefully shutting down
2023/09/26 20:40:55 [notice] 31#31: exiting
2023/09/26 20:40:55 [notice] 37#37: gracefully shutting down
2023/09/26 20:40:55 [notice] 32#32: exiting
2023/09/26 20:40:55 [notice] 33#33: exiting
2023/09/26 20:40:55 [notice] 34#34: exiting
2023/09/26 20:40:55 [notice] 35#35: exiting
2023/09/26 20:40:55 [notice] 36#36: exiting
2023/09/26 20:40:55 [notice] 37#37: exiting
2023/09/26 20:40:55 [notice] 33#33: exit
2023/09/26 20:40:55 [notice] 31#31: exit
2023/09/26 20:40:55 [notice] 32#32: exit
2023/09/26 20:40:55 [notice] 35#35: exit
2023/09/26 20:40:55 [notice] 36#36: exit
2023/09/26 20:40:55 [notice] 34#34: exit
2023/09/26 20:40:55 [notice] 37#37: exit
2023/09/26 20:40:55 [notice] 38#38: gracefully shutting down
2023/09/26 20:40:55 [notice] 38#38: exiting
2023/09/26 20:40:55 [notice] 38#38: exit
2023/09/26 20:40:55 [notice] 1#1: signal 17 (SIGCHLD) received from 37
2023/09/26 20:40:55 [notice] 1#1: worker process 37 exited with code 0
2023/09/26 20:40:55 [notice] 1#1: signal 29 (SIGIO) received
2023/09/26 20:40:55 [notice] 1#1: signal 17 (SIGCHLD) received from 33
2023/09/26 20:40:55 [notice] 1#1: worker process 33 exited with code 0
2023/09/26 20:40:55 [notice] 1#1: signal 29 (SIGIO) received
2023/09/26 20:40:55 [notice] 1#1: signal 17 (SIGCHLD) received from 36
2023/09/26 20:40:55 [notice] 1#1: worker process 31 exited with code 0
2023/09/26 20:40:55 [notice] 1#1: worker process 36 exited with code 0
2023/09/26 20:40:55 [notice] 1#1: signal 29 (SIGIO) received
2023/09/26 20:40:55 [notice] 1#1: signal 17 (SIGCHLD) received from 32
2023/09/26 20:40:55 [notice] 1#1: worker process 32 exited with code 0
2023/09/26 20:40:55 [notice] 1#1: signal 29 (SIGIO) received
2023/09/26 20:40:55 [notice] 1#1: signal 17 (SIGCHLD) received from 34
2023/09/26 20:40:55 [notice] 1#1: worker process 34 exited with code 0
2023/09/26 20:40:55 [notice] 1#1: signal 29 (SIGIO) received
2023/09/26 20:40:55 [notice] 1#1: signal 17 (SIGCHLD) received from 35
2023/09/26 20:40:55 [notice] 1#1: worker process 35 exited with code 0
2023/09/26 20:40:55 [notice] 1#1: worker process 38 exited with code 0
2023/09/26 20:40:55 [notice] 1#1: exit
2023/09/26 20:42:09 [notice] 1#1: using the "epoll" event method
2023/09/26 20:42:09 [notice] 1#1: nginx/1.21.0
2023/09/26 20:42:09 [notice] 1#1: built by gcc 10.2.1 20201203 (Alpine 10.2.1_pre1) 
2023/09/26 20:42:09 [notice] 1#1: OS: Linux 6.2.0-33-generic
2023/09/26 20:42:09 [notice] 1#1: getrlimit(RLIMIT_NOFILE): 1048576:1048576
2023/09/26 20:42:09 [notice] 1#1: start worker processes
2023/09/26 20:42:09 [notice] 1#1: start worker process 31
2023/09/26 20:42:09 [notice] 1#1: start worker process 32
2023/09/26 20:42:09 [notice] 1#1: start worker process 33
2023/09/26 20:42:09 [notice] 1#1: start worker process 34
2023/09/26 20:42:09 [notice] 1#1: start worker process 35
2023/09/26 20:42:09 [notice] 1#1: start worker process 36
2023/09/26 20:42:09 [notice] 1#1: start worker process 37
2023/09/26 20:42:09 [notice] 1#1: start worker process 38
2023/09/26 20:45:14 [notice] 1#1: signal 3 (SIGQUIT) received, shutting down
2023/09/26 20:45:15 [notice] 31#31: gracefully shutting down
2023/09/26 20:45:15 [notice] 33#33: gracefully shutting down
2023/09/26 20:45:15 [notice] 32#32: gracefully shutting down
2023/09/26 20:45:15 [notice] 34#34: gracefully shutting down
2023/09/26 20:45:15 [notice] 35#35: gracefully shutting down
2023/09/26 20:45:15 [notice] 36#36: gracefully shutting down
2023/09/26 20:45:15 [notice] 31#31: exiting
2023/09/26 20:45:15 [notice] 37#37: gracefully shutting down
2023/09/26 20:45:15 [notice] 33#33: exiting
2023/09/26 20:45:15 [notice] 32#32: exiting
2023/09/26 20:45:15 [notice] 34#34: exiting
2023/09/26 20:45:15 [notice] 35#35: exiting
2023/09/26 20:45:15 [notice] 36#36: exiting
2023/09/26 20:45:15 [notice] 37#37: exiting
2023/09/26 20:45:15 [notice] 31#31: exit
2023/09/26 20:45:15 [notice] 33#33: exit
2023/09/26 20:45:15 [notice] 32#32: exit
2023/09/26 20:45:15 [notice] 35#35: exit
2023/09/26 20:45:15 [notice] 36#36: exit
2023/09/26 20:45:15 [notice] 34#34: exit
2023/09/26 20:45:15 [notice] 37#37: exit
2023/09/26 20:45:15 [notice] 38#38: gracefully shutting down
2023/09/26 20:45:15 [notice] 38#38: exiting
2023/09/26 20:45:15 [notice] 38#38: exit
2023/09/26 20:45:15 [notice] 1#1: signal 17 (SIGCHLD) received from 35
2023/09/26 20:45:15 [notice] 1#1: worker process 31 exited with code 0
2023/09/26 20:45:15 [notice] 1#1: worker process 35 exited with code 0
2023/09/26 20:45:15 [notice] 1#1: signal 29 (SIGIO) received
2023/09/26 20:45:15 [notice] 1#1: signal 17 (SIGCHLD) received from 34
2023/09/26 20:45:15 [notice] 1#1: worker process 34 exited with code 0
2023/09/26 20:45:15 [notice] 1#1: signal 29 (SIGIO) received
2023/09/26 20:45:15 [notice] 1#1: signal 17 (SIGCHLD) received from 37
2023/09/26 20:45:15 [notice] 1#1: worker process 37 exited with code 0
2023/09/26 20:45:15 [notice] 1#1: signal 29 (SIGIO) received
2023/09/26 20:45:15 [notice] 1#1: signal 17 (SIGCHLD) received from 32
2023/09/26 20:45:15 [notice] 1#1: worker process 32 exited with code 0
2023/09/26 20:45:15 [notice] 1#1: worker process 38 exited with code 0
2023/09/26 20:45:15 [notice] 1#1: signal 29 (SIGIO) received
2023/09/26 20:45:15 [notice] 1#1: signal 17 (SIGCHLD) received from 36
2023/09/26 20:45:15 [notice] 1#1: worker process 36 exited with code 0
2023/09/26 20:45:15 [notice] 1#1: signal 29 (SIGIO) received
2023/09/26 20:45:15 [notice] 1#1: signal 17 (SIGCHLD) received from 33
2023/09/26 20:45:15 [notice] 1#1: worker process 33 exited with code 0
2023/09/26 20:45:15 [notice] 1#1: exit
2023/09/26 20:45:15 [notice] 1#1: using the "epoll" event method
2023/09/26 20:45:15 [notice] 1#1: nginx/1.21.0
2023/09/26 20:45:15 [notice] 1#1: built by gcc 10.2.1 20201203 (Alpine 10.2.1_pre1) 
2023/09/26 20:45:15 [notice] 1#1: OS: Linux 6.2.0-33-generic
2023/09/26 20:45:15 [notice] 1#1: getrlimit(RLIMIT_NOFILE): 1048576:1048576
2023/09/26 20:45:15 [notice] 1#1: start worker processes
2023/09/26 20:45:15 [notice] 1#1: start worker process 31
2023/09/26 20:45:15 [notice] 1#1: start worker process 32
2023/09/26 20:45:15 [notice] 1#1: start worker process 33
2023/09/26 20:45:15 [notice] 1#1: start worker process 34
2023/09/26 20:45:15 [notice] 1#1: start worker process 35
2023/09/26 20:45:15 [notice] 1#1: start worker process 36
2023/09/26 20:45:15 [notice] 1#1: start worker process 37
2023/09/26 20:45:15 [notice] 1#1: start worker process 38
2023/09/26 20:47:43 [notice] 1#1: signal 3 (SIGQUIT) received, shutting down
2023/09/26 20:47:43 [notice] 31#31: gracefully shutting down
2023/09/26 20:47:43 [notice] 33#33: gracefully shutting down
2023/09/26 20:47:43 [notice] 34#34: gracefully shutting down
2023/09/26 20:47:43 [notice] 35#35: gracefully shutting down
2023/09/26 20:47:43 [notice] 37#37: gracefully shutting down
2023/09/26 20:47:43 [notice] 31#31: exiting
2023/09/26 20:47:43 [notice] 33#33: exiting
2023/09/26 20:47:43 [notice] 34#34: exiting
2023/09/26 20:47:43 [notice] 32#32: gracefully shutting down
2023/09/26 20:47:43 [notice] 36#36: gracefully shutting down
2023/09/26 20:47:43 [notice] 35#35: exiting
2023/09/26 20:47:43 [notice] 37#37: exiting
2023/09/26 20:47:43 [notice] 32#32: exiting
2023/09/26 20:47:43 [notice] 36#36: exiting
2023/09/26 20:47:43 [notice] 33#33: exit
2023/09/26 20:47:43 [notice] 31#31: exit
2023/09/26 20:47:43 [notice] 34#34: exit
2023/09/26 20:47:43 [notice] 35#35: exit
2023/09/26 20:47:43 [notice] 37#37: exit
2023/09/26 20:47:43 [notice] 36#36: exit
2023/09/26 20:47:43 [notice] 32#32: exit
2023/09/26 20:47:43 [notice] 38#38: gracefully shutting down
2023/09/26 20:47:43 [notice] 38#38: exiting
2023/09/26 20:47:43 [notice] 38#38: exit
2023/09/26 20:47:43 [notice] 1#1: signal 17 (SIGCHLD) received from 32
2023/09/26 20:47:43 [notice] 1#1: worker process 32 exited with code 0
2023/09/26 20:47:43 [notice] 1#1: signal 29 (SIGIO) received
2023/09/26 20:47:43 [notice] 1#1: signal 17 (SIGCHLD) received from 37
2023/09/26 20:47:43 [notice] 1#1: worker process 37 exited with code 0
2023/09/26 20:47:43 [notice] 1#1: signal 29 (SIGIO) received
2023/09/26 20:47:43 [notice] 1#1: signal 17 (SIGCHLD) received from 35
2023/09/26 20:47:43 [notice] 1#1: worker process 35 exited with code 0
2023/09/26 20:47:43 [notice] 1#1: signal 29 (SIGIO) received
2023/09/26 20:47:43 [notice] 1#1: signal 17 (SIGCHLD) received from 31
2023/09/26 20:47:43 [notice] 1#1: worker process 31 exited with code 0
2023/09/26 20:47:43 [notice] 1#1: signal 29 (SIGIO) received
2023/09/26 20:47:43 [notice] 1#1: signal 17 (SIGCHLD) received from 33
2023/09/26 20:47:43 [notice] 1#1: worker process 33 exited with code 0
2023/09/26 20:47:43 [notice] 1#1: signal 29 (SIGIO) received
2023/09/26 20:47:43 [notice] 1#1: signal 17 (SIGCHLD) received from 38
2023/09/26 20:47:43 [notice] 1#1: worker process 38 exited with code 0
2023/09/26 20:47:43 [notice] 1#1: signal 29 (SIGIO) received
2023/09/26 20:47:43 [notice] 1#1: signal 17 (SIGCHLD) received from 36
2023/09/26 20:47:43 [notice] 1#1: worker process 36 exited with code 0
2023/09/26 20:47:43 [notice] 1#1: signal 29 (SIGIO) received
2023/09/26 20:47:43 [notice] 1#1: signal 17 (SIGCHLD) received from 34
2023/09/26 20:47:43 [notice] 1#1: worker process 34 exited with code 0
2023/09/26 20:47:43 [notice] 1#1: exit
2023/09/26 20:47:57 [notice] 1#1: using the "epoll" event method
2023/09/26 20:47:57 [notice] 1#1: nginx/1.21.0
2023/09/26 20:47:57 [notice] 1#1: built by gcc 10.2.1 20201203 (Alpine 10.2.1_pre1) 
2023/09/26 20:47:57 [notice] 1#1: OS: Linux 6.2.0-33-generic
2023/09/26 20:47:57 [notice] 1#1: getrlimit(RLIMIT_NOFILE): 1048576:1048576
2023/09/26 20:47:57 [notice] 1#1: start worker processes
2023/09/26 20:47:57 [notice] 1#1: start worker process 31
2023/09/26 20:47:57 [notice] 1#1: start worker process 32
2023/09/26 20:47:57 [notice] 1#1: start worker process 33
2023/09/26 20:47:57 [notice] 1#1: start worker process 34
2023/09/26 20:47:57 [notice] 1#1: start worker process 35
2023/09/26 20:47:57 [notice] 1#1: start worker process 36
2023/09/26 20:47:57 [notice] 1#1: start worker process 37
2023/09/26 20:47:57 [notice] 1#1: start worker process 38
2023/09/26 20:48:16 [notice] 1#1: signal 3 (SIGQUIT) received, shutting down
2023/09/26 20:48:16 [notice] 31#31: gracefully shutting down
2023/09/26 20:48:16 [notice] 32#32: gracefully shutting down
2023/09/26 20:48:16 [notice] 33#33: gracefully shutting down
2023/09/26 20:48:16 [notice] 34#34: gracefully shutting down
2023/09/26 20:48:16 [notice] 35#35: gracefully shutting down
2023/09/26 20:48:16 [notice] 32#32: exiting
2023/09/26 20:48:16 [notice] 36#36: gracefully shutting down
2023/09/26 20:48:16 [notice] 31#31: exiting
2023/09/26 20:48:16 [notice] 37#37: gracefully shutting down
2023/09/26 20:48:16 [notice] 33#33: exiting
2023/09/26 20:48:16 [notice] 34#34: exiting
2023/09/26 20:48:16 [notice] 35#35: exiting
2023/09/26 20:48:16 [notice] 36#36: exiting
2023/09/26 20:48:16 [notice] 37#37: exiting
2023/09/26 20:48:16 [notice] 31#31: exit
2023/09/26 20:48:16 [notice] 33#33: exit
2023/09/26 20:48:16 [notice] 32#32: exit
2023/09/26 20:48:16 [notice] 34#34: exit
2023/09/26 20:48:16 [notice] 36#36: exit
2023/09/26 20:48:16 [notice] 35#35: exit
2023/09/26 20:48:16 [notice] 37#37: exit
2023/09/26 20:48:16 [notice] 38#38: gracefully shutting down
2023/09/26 20:48:16 [notice] 38#38: exiting
2023/09/26 20:48:16 [notice] 38#38: exit
2023/09/26 20:48:16 [notice] 1#1: signal 17 (SIGCHLD) received from 34
2023/09/26 20:48:16 [notice] 1#1: worker process 34 exited with code 0
2023/09/26 20:48:16 [notice] 1#1: signal 29 (SIGIO) received
2023/09/26 20:48:16 [notice] 1#1: signal 17 (SIGCHLD) received from 31
2023/09/26 20:48:16 [notice] 1#1: worker process 31 exited with code 0
2023/09/26 20:48:16 [notice] 1#1: signal 29 (SIGIO) received
2023/09/26 20:48:16 [notice] 1#1: signal 17 (SIGCHLD) received from 36
2023/09/26 20:48:16 [notice] 1#1: worker process 36 exited with code 0
2023/09/26 20:48:16 [notice] 1#1: signal 29 (SIGIO) received
2023/09/26 20:48:17 [notice] 1#1: signal 17 (SIGCHLD) received from 35
2023/09/26 20:48:17 [notice] 1#1: worker process 35 exited with code 0
2023/09/26 20:48:17 [notice] 1#1: signal 29 (SIGIO) received
2023/09/26 20:48:17 [notice] 1#1: signal 17 (SIGCHLD) received from 32
2023/09/26 20:48:17 [notice] 1#1: worker process 32 exited with code 0
2023/09/26 20:48:17 [notice] 1#1: worker process 33 exited with code 0
2023/09/26 20:48:17 [notice] 1#1: signal 29 (SIGIO) received
2023/09/26 20:48:17 [notice] 1#1: signal 17 (SIGCHLD) received from 38
2023/09/26 20:48:17 [notice] 1#1: worker process 37 exited with code 0
2023/09/26 20:48:17 [notice] 1#1: worker process 38 exited with code 0
2023/09/26 20:48:17 [notice] 1#1: exit
2023/09/26 20:48:24 [notice] 1#1: using the "epoll" event method
2023/09/26 20:48:24 [notice] 1#1: nginx/1.21.0
2023/09/26 20:48:24 [notice] 1#1: built by gcc 10.2.1 20201203 (Alpine 10.2.1_pre1) 
2023/09/26 20:48:24 [notice] 1#1: OS: Linux 6.2.0-33-generic
2023/09/26 20:48:24 [notice] 1#1: getrlimit(RLIMIT_NOFILE): 1048576:1048576
2023/09/26 20:48:24 [notice] 1#1: start worker processes
2023/09/26 20:48:24 [notice] 1#1: start worker process 32
2023/09/26 20:48:24 [notice] 1#1: start worker process 33
2023/09/26 20:48:24 [notice] 1#1: start worker process 34
2023/09/26 20:48:24 [notice] 1#1: start worker process 35
2023/09/26 20:48:24 [notice] 1#1: start worker process 36
2023/09/26 20:48:24 [notice] 1#1: start worker process 37
2023/09/26 20:48:24 [notice] 1#1: start worker process 38
2023/09/26 20:48:24 [notice] 1#1: start worker process 39
2023/09/26 20:51:51 [notice] 1#1: signal 3 (SIGQUIT) received, shutting down
2023/09/26 20:51:51 [notice] 32#32: gracefully shutting down
2023/09/26 20:51:51 [notice] 33#33: gracefully shutting down
2023/09/26 20:51:51 [notice] 35#35: gracefully shutting down
2023/09/26 20:51:51 [notice] 36#36: gracefully shutting down
2023/09/26 20:51:51 [notice] 32#32: exiting
2023/09/26 20:51:51 [notice] 38#38: gracefully shutting down
2023/09/26 20:51:51 [notice] 33#33: exiting
2023/09/26 20:51:51 [notice] 37#37: gracefully shutting down
2023/09/26 20:51:51 [notice] 34#34: gracefully shutting down
2023/09/26 20:51:51 [notice] 35#35: exiting
2023/09/26 20:51:51 [notice] 36#36: exiting
2023/09/26 20:51:51 [notice] 38#38: exiting
2023/09/26 20:51:51 [notice] 37#37: exiting
2023/09/26 20:51:51 [notice] 34#34: exiting
2023/09/26 20:51:51 [notice] 32#32: exit
2023/09/26 20:51:51 [notice] 35#35: exit
2023/09/26 20:51:51 [notice] 33#33: exit
2023/09/26 20:51:51 [notice] 36#36: exit
2023/09/26 20:51:51 [notice] 38#38: exit
2023/09/26 20:51:51 [notice] 37#37: exit
2023/09/26 20:51:51 [notice] 34#34: exit
2023/09/26 20:51:51 [notice] 39#39: gracefully shutting down
2023/09/26 20:51:51 [notice] 39#39: exiting
2023/09/26 20:51:51 [notice] 39#39: exit
2023/09/26 20:51:51 [notice] 1#1: signal 17 (SIGCHLD) received from 35
2023/09/26 20:51:51 [notice] 1#1: worker process 35 exited with code 0
2023/09/26 20:51:51 [notice] 1#1: signal 29 (SIGIO) received
2023/09/26 20:51:51 [notice] 1#1: signal 17 (SIGCHLD) received from 33
2023/09/26 20:51:51 [notice] 1#1: worker process 33 exited with code 0
2023/09/26 20:51:51 [notice] 1#1: signal 29 (SIGIO) received
2023/09/26 20:51:51 [notice] 1#1: signal 17 (SIGCHLD) received from 39
2023/09/26 20:51:51 [notice] 1#1: worker process 39 exited with code 0
2023/09/26 20:51:51 [notice] 1#1: signal 29 (SIGIO) received
2023/09/26 20:51:51 [notice] 1#1: signal 17 (SIGCHLD) received from 32
2023/09/26 20:51:51 [notice] 1#1: worker process 32 exited with code 0
2023/09/26 20:51:51 [notice] 1#1: signal 29 (SIGIO) received
2023/09/26 20:51:51 [notice] 1#1: signal 17 (SIGCHLD) received from 34
2023/09/26 20:51:51 [notice] 1#1: worker process 34 exited with code 0
2023/09/26 20:51:51 [notice] 1#1: signal 29 (SIGIO) received
2023/09/26 20:51:51 [notice] 1#1: signal 17 (SIGCHLD) received from 37
2023/09/26 20:51:51 [notice] 1#1: worker process 37 exited with code 0
2023/09/26 20:51:51 [notice] 1#1: worker process 38 exited with code 0
2023/09/26 20:51:51 [notice] 1#1: signal 29 (SIGIO) received
2023/09/26 20:51:51 [notice] 1#1: signal 17 (SIGCHLD) received from 38
2023/09/26 20:51:51 [notice] 1#1: signal 17 (SIGCHLD) received from 36
2023/09/26 20:51:51 [notice] 1#1: worker process 36 exited with code 0
2023/09/26 20:51:51 [notice] 1#1: exit
2023/09/26 20:52:21 [notice] 1#1: using the "epoll" event method
2023/09/26 20:52:21 [notice] 1#1: nginx/1.21.0
2023/09/26 20:52:21 [notice] 1#1: built by gcc 10.2.1 20201203 (Alpine 10.2.1_pre1) 
2023/09/26 20:52:21 [notice] 1#1: OS: Linux 6.2.0-33-generic
2023/09/26 20:52:21 [notice] 1#1: getrlimit(RLIMIT_NOFILE): 1048576:1048576
2023/09/26 20:52:21 [notice] 1#1: start worker processes
2023/09/26 20:52:21 [notice] 1#1: start worker process 31
2023/09/26 20:52:21 [notice] 1#1: start worker process 32
2023/09/26 20:52:21 [notice] 1#1: start worker process 33
2023/09/26 20:52:21 [notice] 1#1: start worker process 34
2023/09/26 20:52:21 [notice] 1#1: start worker process 35
2023/09/26 20:52:21 [notice] 1#1: start worker process 36
2023/09/26 20:52:21 [notice] 1#1: start worker process 37
2023/09/26 20:52:21 [notice] 1#1: start worker process 38
2023/09/26 21:02:16 [notice] 1#1: signal 3 (SIGQUIT) received, shutting down
2023/09/26 21:02:16 [notice] 35#35: gracefully shutting down
2023/09/26 21:02:16 [notice] 31#31: gracefully shutting down
2023/09/26 21:02:16 [notice] 33#33: gracefully shutting down
2023/09/26 21:02:16 [notice] 32#32: gracefully shutting down
2023/09/26 21:02:16 [notice] 34#34: gracefully shutting down
2023/09/26 21:02:16 [notice] 37#37: gracefully shutting down
2023/09/26 21:02:16 [notice] 36#36: gracefully shutting down
2023/09/26 21:02:16 [notice] 35#35: exiting
2023/09/26 21:02:16 [notice] 31#31: exiting
2023/09/26 21:02:16 [notice] 33#33: exiting
2023/09/26 21:02:16 [notice] 32#32: exiting
2023/09/26 21:02:16 [notice] 34#34: exiting
2023/09/26 21:02:16 [notice] 37#37: exiting
2023/09/26 21:02:16 [notice] 36#36: exiting
2023/09/26 21:02:16 [notice] 31#31: exit
2023/09/26 21:02:16 [notice] 33#33: exit
2023/09/26 21:02:16 [notice] 35#35: exit
2023/09/26 21:02:16 [notice] 32#32: exit
2023/09/26 21:02:16 [notice] 37#37: exit
2023/09/26 21:02:16 [notice] 34#34: exit
2023/09/26 21:02:16 [notice] 36#36: exit
2023/09/26 21:02:16 [notice] 38#38: gracefully shutting down
2023/09/26 21:02:16 [notice] 38#38: exiting
2023/09/26 21:02:16 [notice] 38#38: exit
2023/09/26 21:02:16 [notice] 1#1: signal 17 (SIGCHLD) received from 32
2023/09/26 21:02:16 [notice] 1#1: worker process 32 exited with code 0
2023/09/26 21:02:16 [notice] 1#1: signal 29 (SIGIO) received
2023/09/26 21:02:16 [notice] 1#1: signal 17 (SIGCHLD) received from 37
2023/09/26 21:02:16 [notice] 1#1: worker process 33 exited with code 0
2023/09/26 21:02:16 [notice] 1#1: worker process 36 exited with code 0
2023/09/26 21:02:16 [notice] 1#1: worker process 37 exited with code 0
2023/09/26 21:02:16 [notice] 1#1: signal 29 (SIGIO) received
2023/09/26 21:02:16 [notice] 1#1: signal 17 (SIGCHLD) received from 34
2023/09/26 21:02:16 [notice] 1#1: worker process 34 exited with code 0
2023/09/26 21:02:16 [notice] 1#1: signal 29 (SIGIO) received
2023/09/26 21:02:16 [notice] 1#1: signal 17 (SIGCHLD) received from 38
2023/09/26 21:02:16 [notice] 1#1: worker process 31 exited with code 0
2023/09/26 21:02:16 [notice] 1#1: worker process 38 exited with code 0
2023/09/26 21:02:16 [notice] 1#1: signal 29 (SIGIO) received
2023/09/26 21:02:16 [notice] 1#1: signal 17 (SIGCHLD) received from 31
2023/09/26 21:02:16 [notice] 1#1: signal 17 (SIGCHLD) received from 35
2023/09/26 21:02:16 [notice] 1#1: worker process 35 exited with code 0
2023/09/26 21:02:16 [notice] 1#1: exit
2023/09/27 05:41:59 [notice] 1#1: using the "epoll" event method
2023/09/27 05:41:59 [notice] 1#1: nginx/1.21.0
2023/09/27 05:41:59 [notice] 1#1: built by gcc 10.2.1 20201203 (Alpine 10.2.1_pre1) 
2023/09/27 05:41:59 [notice] 1#1: OS: Linux 6.2.0-33-generic
2023/09/27 05:41:59 [notice] 1#1: getrlimit(RLIMIT_NOFILE): 1048576:1048576
2023/09/27 05:41:59 [notice] 1#1: start worker processes
2023/09/27 05:41:59 [notice] 1#1: start worker process 31
2023/09/27 05:41:59 [notice] 1#1: start worker process 32
2023/09/27 05:41:59 [notice] 1#1: start worker process 33
2023/09/27 05:41:59 [notice] 1#1: start worker process 34
2023/09/27 05:41:59 [notice] 1#1: start worker process 35
2023/09/27 05:41:59 [notice] 1#1: start worker process 36
2023/09/27 05:41:59 [notice] 1#1: start worker process 37
2023/09/27 05:41:59 [notice] 1#1: start worker process 38
2023/09/27 06:07:56 [notice] 1#1: signal 3 (SIGQUIT) received, shutting down
2023/09/27 06:07:56 [notice] 32#32: gracefully shutting down
2023/09/27 06:07:56 [notice] 33#33: gracefully shutting down
2023/09/27 06:07:56 [notice] 34#34: gracefully shutting down
2023/09/27 06:07:56 [notice] 35#35: gracefully shutting down
2023/09/27 06:07:56 [notice] 32#32: exiting
2023/09/27 06:07:56 [notice] 38#38: gracefully shutting down
2023/09/27 06:07:56 [notice] 31#31: gracefully shutting down
2023/09/27 06:07:56 [notice] 33#33: exiting
2023/09/27 06:07:56 [notice] 36#36: gracefully shutting down
2023/09/27 06:07:56 [notice] 34#34: exiting
2023/09/27 06:07:56 [notice] 35#35: exiting
2023/09/27 06:07:56 [notice] 38#38: exiting
2023/09/27 06:07:56 [notice] 31#31: exiting
2023/09/27 06:07:56 [notice] 36#36: exiting
2023/09/27 06:07:56 [notice] 32#32: exit
2023/09/27 06:07:56 [notice] 34#34: exit
2023/09/27 06:07:56 [notice] 35#35: exit
2023/09/27 06:07:56 [notice] 33#33: exit
2023/09/27 06:07:56 [notice] 38#38: exit
2023/09/27 06:07:56 [notice] 36#36: exit
2023/09/27 06:07:56 [notice] 31#31: exit
2023/09/27 06:07:56 [notice] 37#37: gracefully shutting down
2023/09/27 06:07:56 [notice] 37#37: exiting
2023/09/27 06:07:56 [notice] 37#37: exit
2023/09/27 06:07:56 [notice] 1#1: signal 17 (SIGCHLD) received from 37
2023/09/27 06:07:56 [notice] 1#1: worker process 37 exited with code 0
2023/09/27 06:07:56 [notice] 1#1: signal 29 (SIGIO) received
2023/09/27 06:07:56 [notice] 1#1: signal 17 (SIGCHLD) received from 36
2023/09/27 06:07:56 [notice] 1#1: worker process 36 exited with code 0
2023/09/27 06:07:56 [notice] 1#1: signal 29 (SIGIO) received
2023/09/27 06:07:56 [notice] 1#1: signal 17 (SIGCHLD) received from 34
2023/09/27 06:07:56 [notice] 1#1: worker process 34 exited with code 0
2023/09/27 06:07:56 [notice] 1#1: signal 29 (SIGIO) received
2023/09/27 06:07:56 [notice] 1#1: signal 17 (SIGCHLD) received from 38
2023/09/27 06:07:56 [notice] 1#1: worker process 38 exited with code 0
2023/09/27 06:07:56 [notice] 1#1: signal 29 (SIGIO) received
2023/09/27 06:07:56 [notice] 1#1: signal 17 (SIGCHLD) received from 35
2023/09/27 06:07:56 [notice] 1#1: worker process 35 exited with code 0
2023/09/27 06:07:56 [notice] 1#1: signal 29 (SIGIO) received
2023/09/27 06:07:56 [notice] 1#1: signal 17 (SIGCHLD) received from 32
2023/09/27 06:07:56 [notice] 1#1: worker process 32 exited with code 0
2023/09/27 06:07:56 [notice] 1#1: signal 29 (SIGIO) received
2023/09/27 06:07:56 [notice] 1#1: signal 17 (SIGCHLD) received from 33
2023/09/27 06:07:56 [notice] 1#1: worker process 33 exited with code 0
2023/09/27 06:07:56 [notice] 1#1: signal 17 (SIGCHLD) received from 31
2023/09/27 06:07:56 [notice] 1#1: worker process 31 exited with code 0
2023/09/27 06:07:56 [notice] 1#1: exit
2023/09/27 06:08:04 [notice] 1#1: using the "epoll" event method
2023/09/27 06:08:04 [notice] 1#1: nginx/1.21.0
2023/09/27 06:08:04 [notice] 1#1: built by gcc 10.2.1 20201203 (Alpine 10.2.1_pre1) 
2023/09/27 06:08:04 [notice] 1#1: OS: Linux 6.2.0-33-generic
2023/09/27 06:08:04 [notice] 1#1: getrlimit(RLIMIT_NOFILE): 1048576:1048576
2023/09/27 06:08:04 [notice] 1#1: start worker processes
2023/09/27 06:08:04 [notice] 1#1: start worker process 31
2023/09/27 06:08:04 [notice] 1#1: start worker process 32
2023/09/27 06:08:04 [notice] 1#1: start worker process 33
2023/09/27 06:08:04 [notice] 1#1: start worker process 34
2023/09/27 06:08:04 [notice] 1#1: start worker process 35
2023/09/27 06:08:04 [notice] 1#1: start worker process 36
2023/09/27 06:08:04 [notice] 1#1: start worker process 37
2023/09/27 06:08:04 [notice] 1#1: start worker process 38
2023/09/27 06:28:06 [notice] 1#1: signal 3 (SIGQUIT) received, shutting down
2023/09/27 06:28:06 [notice] 31#31: gracefully shutting down
2023/09/27 06:28:06 [notice] 33#33: gracefully shutting down
2023/09/27 06:28:06 [notice] 34#34: gracefully shutting down
2023/09/27 06:28:06 [notice] 36#36: gracefully shutting down
2023/09/27 06:28:06 [notice] 31#31: exiting
2023/09/27 06:28:06 [notice] 33#33: exiting
2023/09/27 06:28:06 [notice] 37#37: gracefully shutting down
2023/09/27 06:28:06 [notice] 32#32: gracefully shutting down
2023/09/27 06:28:06 [notice] 35#35: gracefully shutting down
2023/09/27 06:28:06 [notice] 34#34: exiting
2023/09/27 06:28:06 [notice] 36#36: exiting
2023/09/27 06:28:06 [notice] 37#37: exiting
2023/09/27 06:28:06 [notice] 32#32: exiting
2023/09/27 06:28:06 [notice] 35#35: exiting
2023/09/27 06:28:06 [notice] 33#33: exit
2023/09/27 06:28:06 [notice] 31#31: exit
2023/09/27 06:28:06 [notice] 36#36: exit
2023/09/27 06:28:06 [notice] 34#34: exit
2023/09/27 06:28:06 [notice] 37#37: exit
2023/09/27 06:28:06 [notice] 32#32: exit
2023/09/27 06:28:06 [notice] 35#35: exit
2023/09/27 06:28:06 [notice] 38#38: gracefully shutting down
2023/09/27 06:28:06 [notice] 38#38: exiting
2023/09/27 06:28:06 [notice] 38#38: exit
2023/09/27 06:28:06 [notice] 1#1: signal 17 (SIGCHLD) received from 31
2023/09/27 06:28:06 [notice] 1#1: worker process 31 exited with code 0
2023/09/27 06:28:06 [notice] 1#1: signal 29 (SIGIO) received
2023/09/27 06:28:06 [notice] 1#1: signal 17 (SIGCHLD) received from 36
2023/09/27 06:28:06 [notice] 1#1: worker process 36 exited with code 0
2023/09/27 06:28:06 [notice] 1#1: signal 29 (SIGIO) received
2023/09/27 06:28:06 [notice] 1#1: signal 17 (SIGCHLD) received from 34
2023/09/27 06:28:06 [notice] 1#1: worker process 33 exited with code 0
2023/09/27 06:28:06 [notice] 1#1: worker process 34 exited with code 0
2023/09/27 06:28:06 [notice] 1#1: signal 29 (SIGIO) received
2023/09/27 06:28:06 [notice] 1#1: signal 17 (SIGCHLD) received from 32
2023/09/27 06:28:06 [notice] 1#1: worker process 32 exited with code 0
2023/09/27 06:28:06 [notice] 1#1: signal 29 (SIGIO) received
2023/09/27 06:28:06 [notice] 1#1: signal 17 (SIGCHLD) received from 37
2023/09/27 06:28:06 [notice] 1#1: worker process 37 exited with code 0
2023/09/27 06:28:06 [notice] 1#1: worker process 38 exited with code 0
2023/09/27 06:28:06 [notice] 1#1: signal 29 (SIGIO) received
2023/09/27 06:28:06 [notice] 1#1: signal 17 (SIGCHLD) received from 35
2023/09/27 06:28:06 [notice] 1#1: worker process 35 exited with code 0
2023/09/27 06:28:06 [notice] 1#1: exit
2023/09/27 06:28:18 [notice] 1#1: using the "epoll" event method
2023/09/27 06:28:18 [notice] 1#1: nginx/1.21.0
2023/09/27 06:28:18 [notice] 1#1: built by gcc 10.2.1 20201203 (Alpine 10.2.1_pre1) 
2023/09/27 06:28:18 [notice] 1#1: OS: Linux 6.2.0-33-generic
2023/09/27 06:28:18 [notice] 1#1: getrlimit(RLIMIT_NOFILE): 1048576:1048576
2023/09/27 06:28:18 [notice] 1#1: start worker processes
2023/09/27 06:28:18 [notice] 1#1: start worker process 31
2023/09/27 06:28:18 [notice] 1#1: start worker process 32
2023/09/27 06:28:18 [notice] 1#1: start worker process 33
2023/09/27 06:28:18 [notice] 1#1: start worker process 34
2023/09/27 06:28:18 [notice] 1#1: start worker process 35
2023/09/27 06:28:18 [notice] 1#1: start worker process 36
2023/09/27 06:28:18 [notice] 1#1: start worker process 37
2023/09/27 06:28:18 [notice] 1#1: start worker process 38
2023/09/27 06:30:03 [notice] 1#1: signal 3 (SIGQUIT) received, shutting down
2023/09/27 06:30:03 [notice] 32#32: gracefully shutting down
2023/09/27 06:30:03 [notice] 34#34: gracefully shutting down
2023/09/27 06:30:03 [notice] 33#33: gracefully shutting down
2023/09/27 06:30:03 [notice] 31#31: gracefully shutting down
2023/09/27 06:30:03 [notice] 35#35: gracefully shutting down
2023/09/27 06:30:03 [notice] 32#32: exiting
2023/09/27 06:30:03 [notice] 34#34: exiting
2023/09/27 06:30:03 [notice] 38#38: gracefully shutting down
2023/09/27 06:30:03 [notice] 36#36: gracefully shutting down
2023/09/27 06:30:03 [notice] 33#33: exiting
2023/09/27 06:30:03 [notice] 31#31: exiting
2023/09/27 06:30:03 [notice] 35#35: exiting
2023/09/27 06:30:03 [notice] 38#38: exiting
2023/09/27 06:30:03 [notice] 36#36: exiting
2023/09/27 06:30:03 [notice] 34#34: exit
2023/09/27 06:30:03 [notice] 32#32: exit
2023/09/27 06:30:03 [notice] 33#33: exit
2023/09/27 06:30:03 [notice] 35#35: exit
2023/09/27 06:30:03 [notice] 31#31: exit
2023/09/27 06:30:03 [notice] 36#36: exit
2023/09/27 06:30:03 [notice] 38#38: exit
2023/09/27 06:30:03 [notice] 37#37: gracefully shutting down
2023/09/27 06:30:03 [notice] 37#37: exiting
2023/09/27 06:30:03 [notice] 37#37: exit
2023/09/27 06:30:03 [notice] 1#1: signal 17 (SIGCHLD) received from 33
2023/09/27 06:30:03 [notice] 1#1: worker process 33 exited with code 0
2023/09/27 06:30:03 [notice] 1#1: signal 29 (SIGIO) received
2023/09/27 06:30:03 [notice] 1#1: signal 17 (SIGCHLD) received from 35
2023/09/27 06:30:03 [notice] 1#1: worker process 35 exited with code 0
2023/09/27 06:30:03 [notice] 1#1: signal 29 (SIGIO) received
2023/09/27 06:30:03 [notice] 1#1: signal 17 (SIGCHLD) received from 36
2023/09/27 06:30:03 [notice] 1#1: worker process 36 exited with code 0
2023/09/27 06:30:03 [notice] 1#1: signal 29 (SIGIO) received
2023/09/27 06:30:03 [notice] 1#1: signal 17 (SIGCHLD) received from 38
2023/09/27 06:30:03 [notice] 1#1: worker process 38 exited with code 0
2023/09/27 06:30:03 [notice] 1#1: signal 29 (SIGIO) received
2023/09/27 06:30:03 [notice] 1#1: signal 17 (SIGCHLD) received from 31
2023/09/27 06:30:03 [notice] 1#1: worker process 31 exited with code 0
2023/09/27 06:30:03 [notice] 1#1: signal 29 (SIGIO) received
2023/09/27 06:30:03 [notice] 1#1: signal 17 (SIGCHLD) received from 34
2023/09/27 06:30:03 [notice] 1#1: worker process 34 exited with code 0
2023/09/27 06:30:03 [notice] 1#1: worker process 37 exited with code 0
2023/09/27 06:30:03 [notice] 1#1: signal 29 (SIGIO) received
2023/09/27 06:30:03 [notice] 1#1: signal 17 (SIGCHLD) received from 37
2023/09/27 06:30:03 [notice] 1#1: signal 17 (SIGCHLD) received from 32
2023/09/27 06:30:03 [notice] 1#1: worker process 32 exited with code 0
2023/09/27 06:30:03 [notice] 1#1: exit
2023/09/27 06:30:12 [notice] 1#1: using the "epoll" event method
2023/09/27 06:30:12 [notice] 1#1: nginx/1.21.0
2023/09/27 06:30:12 [notice] 1#1: built by gcc 10.2.1 20201203 (Alpine 10.2.1_pre1) 
2023/09/27 06:30:12 [notice] 1#1: OS: Linux 6.2.0-33-generic
2023/09/27 06:30:12 [notice] 1#1: getrlimit(RLIMIT_NOFILE): 1048576:1048576
2023/09/27 06:30:12 [notice] 1#1: start worker processes
2023/09/27 06:30:12 [notice] 1#1: start worker process 31
2023/09/27 06:30:12 [notice] 1#1: start worker process 32
2023/09/27 06:30:12 [notice] 1#1: start worker process 33
2023/09/27 06:30:12 [notice] 1#1: start worker process 34
2023/09/27 06:30:12 [notice] 1#1: start worker process 35
2023/09/27 06:30:12 [notice] 1#1: start worker process 36
2023/09/27 06:30:12 [notice] 1#1: start worker process 37
2023/09/27 06:30:12 [notice] 1#1: start worker process 38
2023/09/27 06:34:57 [notice] 1#1: signal 3 (SIGQUIT) received, shutting down
2023/09/27 06:34:57 [notice] 32#32: gracefully shutting down
2023/09/27 06:34:57 [notice] 33#33: gracefully shutting down
2023/09/27 06:34:57 [notice] 35#35: gracefully shutting down
2023/09/27 06:34:57 [notice] 32#32: exiting
2023/09/27 06:34:57 [notice] 36#36: gracefully shutting down
2023/09/27 06:34:57 [notice] 33#33: exiting
2023/09/27 06:34:57 [notice] 35#35: exiting
2023/09/27 06:34:57 [notice] 34#34: gracefully shutting down
2023/09/27 06:34:57 [notice] 31#31: gracefully shutting down
2023/09/27 06:34:57 [notice] 36#36: exiting
2023/09/27 06:34:57 [notice] 34#34: exiting
2023/09/27 06:34:57 [notice] 31#31: exiting
2023/09/27 06:34:57 [notice] 32#32: exit
2023/09/27 06:34:57 [notice] 35#35: exit
2023/09/27 06:34:57 [notice] 33#33: exit
2023/09/27 06:34:57 [notice] 36#36: exit
2023/09/27 06:34:57 [notice] 34#34: exit
2023/09/27 06:34:57 [notice] 31#31: exit
2023/09/27 06:34:57 [notice] 37#37: gracefully shutting down
2023/09/27 06:34:57 [notice] 37#37: exiting
2023/09/27 06:34:57 [notice] 38#38: gracefully shutting down
2023/09/27 06:34:57 [notice] 38#38: exiting
2023/09/27 06:34:57 [notice] 37#37: exit
2023/09/27 06:34:57 [notice] 38#38: exit
2023/09/27 06:34:57 [notice] 1#1: signal 17 (SIGCHLD) received from 32
2023/09/27 06:34:57 [notice] 1#1: worker process 32 exited with code 0
2023/09/27 06:34:57 [notice] 1#1: signal 29 (SIGIO) received
2023/09/27 06:34:57 [notice] 1#1: signal 17 (SIGCHLD) received from 35
2023/09/27 06:34:57 [notice] 1#1: worker process 35 exited with code 0
2023/09/27 06:34:57 [notice] 1#1: signal 29 (SIGIO) received
2023/09/27 06:34:57 [notice] 1#1: signal 17 (SIGCHLD) received from 33
2023/09/27 06:34:57 [notice] 1#1: worker process 33 exited with code 0
2023/09/27 06:34:57 [notice] 1#1: signal 29 (SIGIO) received
2023/09/27 06:34:57 [notice] 1#1: signal 17 (SIGCHLD) received from 34
2023/09/27 06:34:57 [notice] 1#1: worker process 34 exited with code 0
2023/09/27 06:34:57 [notice] 1#1: signal 29 (SIGIO) received
2023/09/27 06:34:57 [notice] 1#1: signal 17 (SIGCHLD) received from 38
2023/09/27 06:34:57 [notice] 1#1: worker process 36 exited with code 0
2023/09/27 06:34:57 [notice] 1#1: worker process 38 exited with code 0
2023/09/27 06:34:57 [notice] 1#1: signal 29 (SIGIO) received
2023/09/27 06:34:57 [notice] 1#1: signal 17 (SIGCHLD) received from 36
2023/09/27 06:34:57 [notice] 1#1: signal 17 (SIGCHLD) received from 31
2023/09/27 06:34:57 [notice] 1#1: worker process 31 exited with code 0
2023/09/27 06:34:57 [notice] 1#1: signal 29 (SIGIO) received
2023/09/27 06:34:57 [notice] 1#1: signal 17 (SIGCHLD) received from 37
2023/09/27 06:34:57 [notice] 1#1: worker process 37 exited with code 0
2023/09/27 06:34:57 [notice] 1#1: exit
2023/09/27 06:35:52 [notice] 1#1: using the "epoll" event method
2023/09/27 06:35:52 [notice] 1#1: nginx/1.21.0
2023/09/27 06:35:52 [notice] 1#1: built by gcc 10.2.1 20201203 (Alpine 10.2.1_pre1) 
2023/09/27 06:35:52 [notice] 1#1: OS: Linux 6.2.0-33-generic
2023/09/27 06:35:52 [notice] 1#1: getrlimit(RLIMIT_NOFILE): 1048576:1048576
2023/09/27 06:35:52 [notice] 1#1: start worker processes
2023/09/27 06:35:52 [notice] 1#1: start worker process 31
2023/09/27 06:35:52 [notice] 1#1: start worker process 32
2023/09/27 06:35:52 [notice] 1#1: start worker process 33
2023/09/27 06:35:52 [notice] 1#1: start worker process 34
2023/09/27 06:35:52 [notice] 1#1: start worker process 35
2023/09/27 06:35:52 [notice] 1#1: start worker process 36
2023/09/27 06:35:52 [notice] 1#1: start worker process 37
2023/09/27 06:35:52 [notice] 1#1: start worker process 38
2023/09/27 06:48:23 [notice] 1#1: signal 3 (SIGQUIT) received, shutting down
2023/09/27 06:48:23 [notice] 32#32: gracefully shutting down
2023/09/27 06:48:23 [notice] 33#33: gracefully shutting down
2023/09/27 06:48:23 [notice] 34#34: gracefully shutting down
2023/09/27 06:48:23 [notice] 37#37: gracefully shutting down
2023/09/27 06:48:23 [notice] 35#35: gracefully shutting down
2023/09/27 06:48:23 [notice] 32#32: exiting
2023/09/27 06:48:23 [notice] 33#33: exiting
2023/09/27 06:48:23 [notice] 36#36: gracefully shutting down
2023/09/27 06:48:23 [notice] 31#31: gracefully shutting down
2023/09/27 06:48:23 [notice] 34#34: exiting
2023/09/27 06:48:23 [notice] 37#37: exiting
2023/09/27 06:48:23 [notice] 35#35: exiting
2023/09/27 06:48:23 [notice] 36#36: exiting
2023/09/27 06:48:23 [notice] 31#31: exiting
2023/09/27 06:48:23 [notice] 33#33: exit
2023/09/27 06:48:23 [notice] 32#32: exit
2023/09/27 06:48:23 [notice] 37#37: exit
2023/09/27 06:48:23 [notice] 34#34: exit
2023/09/27 06:48:23 [notice] 35#35: exit
2023/09/27 06:48:23 [notice] 31#31: exit
2023/09/27 06:48:23 [notice] 36#36: exit
2023/09/27 06:48:23 [notice] 38#38: gracefully shutting down
2023/09/27 06:48:23 [notice] 38#38: exiting
2023/09/27 06:48:23 [notice] 38#38: exit
2023/09/27 06:48:23 [notice] 1#1: signal 17 (SIGCHLD) received from 33
2023/09/27 06:48:23 [notice] 1#1: worker process 32 exited with code 0
2023/09/27 06:48:23 [notice] 1#1: worker process 33 exited with code 0
2023/09/27 06:48:23 [notice] 1#1: signal 29 (SIGIO) received
2023/09/27 06:48:23 [notice] 1#1: signal 17 (SIGCHLD) received from 38
2023/09/27 06:48:23 [notice] 1#1: worker process 34 exited with code 0
2023/09/27 06:48:23 [notice] 1#1: worker process 38 exited with code 0
2023/09/27 06:48:23 [notice] 1#1: signal 29 (SIGIO) received
2023/09/27 06:48:23 [notice] 1#1: signal 17 (SIGCHLD) received from 36
2023/09/27 06:48:23 [notice] 1#1: worker process 36 exited with code 0
2023/09/27 06:48:23 [notice] 1#1: signal 29 (SIGIO) received
2023/09/27 06:48:23 [notice] 1#1: signal 17 (SIGCHLD) received from 35
2023/09/27 06:48:23 [notice] 1#1: worker process 35 exited with code 0
2023/09/27 06:48:23 [notice] 1#1: signal 29 (SIGIO) received
2023/09/27 06:48:23 [notice] 1#1: signal 17 (SIGCHLD) received from 31
2023/09/27 06:48:23 [notice] 1#1: worker process 31 exited with code 0
2023/09/27 06:48:23 [notice] 1#1: worker process 37 exited with code 0
2023/09/27 06:48:23 [notice] 1#1: exit
2023/09/27 06:48:30 [notice] 1#1: using the "epoll" event method
2023/09/27 06:48:30 [notice] 1#1: nginx/1.21.0
2023/09/27 06:48:30 [notice] 1#1: built by gcc 10.2.1 20201203 (Alpine 10.2.1_pre1) 
2023/09/27 06:48:30 [notice] 1#1: OS: Linux 6.2.0-33-generic
2023/09/27 06:48:30 [notice] 1#1: getrlimit(RLIMIT_NOFILE): 1048576:1048576
2023/09/27 06:48:30 [notice] 1#1: start worker processes
2023/09/27 06:48:30 [notice] 1#1: start worker process 32
2023/09/27 06:48:30 [notice] 1#1: start worker process 33
2023/09/27 06:48:30 [notice] 1#1: start worker process 34
2023/09/27 06:48:30 [notice] 1#1: start worker process 35
2023/09/27 06:48:30 [notice] 1#1: start worker process 36
2023/09/27 06:48:30 [notice] 1#1: start worker process 37
2023/09/27 06:48:30 [notice] 1#1: start worker process 38
2023/09/27 06:48:30 [notice] 1#1: start worker process 39
2023/09/27 06:51:08 [notice] 1#1: signal 3 (SIGQUIT) received, shutting down
2023/09/27 06:51:08 [notice] 33#33: gracefully shutting down
2023/09/27 06:51:08 [notice] 34#34: gracefully shutting down
2023/09/27 06:51:08 [notice] 36#36: gracefully shutting down
2023/09/27 06:51:08 [notice] 37#37: gracefully shutting down
2023/09/27 06:51:08 [notice] 33#33: exiting
2023/09/27 06:51:08 [notice] 39#39: gracefully shutting down
2023/09/27 06:51:08 [notice] 34#34: exiting
2023/09/27 06:51:08 [notice] 38#38: gracefully shutting down
2023/09/27 06:51:08 [notice] 36#36: exiting
2023/09/27 06:51:08 [notice] 32#32: gracefully shutting down
2023/09/27 06:51:08 [notice] 35#35: gracefully shutting down
2023/09/27 06:51:08 [notice] 37#37: exiting
2023/09/27 06:51:08 [notice] 39#39: exiting
2023/09/27 06:51:08 [notice] 38#38: exiting
2023/09/27 06:51:08 [notice] 32#32: exiting
2023/09/27 06:51:08 [notice] 35#35: exiting
2023/09/27 06:51:08 [notice] 33#33: exit
2023/09/27 06:51:08 [notice] 34#34: exit
2023/09/27 06:51:08 [notice] 36#36: exit
2023/09/27 06:51:08 [notice] 37#37: exit
2023/09/27 06:51:08 [notice] 35#35: exit
2023/09/27 06:51:08 [notice] 38#38: exit
2023/09/27 06:51:08 [notice] 32#32: exit
2023/09/27 06:51:08 [notice] 39#39: exit
2023/09/27 06:51:08 [notice] 1#1: signal 17 (SIGCHLD) received from 39
2023/09/27 06:51:08 [notice] 1#1: worker process 39 exited with code 0
2023/09/27 06:51:08 [notice] 1#1: signal 29 (SIGIO) received
2023/09/27 06:51:08 [notice] 1#1: signal 17 (SIGCHLD) received from 32
2023/09/27 06:51:08 [notice] 1#1: worker process 32 exited with code 0
2023/09/27 06:51:08 [notice] 1#1: signal 29 (SIGIO) received
2023/09/27 06:51:08 [notice] 1#1: signal 17 (SIGCHLD) received from 37
2023/09/27 06:51:08 [notice] 1#1: worker process 35 exited with code 0
2023/09/27 06:51:08 [notice] 1#1: worker process 37 exited with code 0
2023/09/27 06:51:08 [notice] 1#1: worker process 38 exited with code 0
2023/09/27 06:51:08 [notice] 1#1: signal 29 (SIGIO) received
2023/09/27 06:51:08 [notice] 1#1: signal 17 (SIGCHLD) received from 38
2023/09/27 06:51:08 [notice] 1#1: signal 17 (SIGCHLD) received from 36
2023/09/27 06:51:08 [notice] 1#1: worker process 36 exited with code 0
2023/09/27 06:51:08 [notice] 1#1: signal 29 (SIGIO) received
2023/09/27 06:51:08 [notice] 1#1: signal 17 (SIGCHLD) received from 33
2023/09/27 06:51:08 [notice] 1#1: worker process 33 exited with code 0
2023/09/27 06:51:08 [notice] 1#1: signal 29 (SIGIO) received
2023/09/27 06:51:08 [notice] 1#1: signal 17 (SIGCHLD) received from 34
2023/09/27 06:51:08 [notice] 1#1: worker process 34 exited with code 0
2023/09/27 06:51:08 [notice] 1#1: exit
2023/09/27 06:51:14 [notice] 1#1: using the "epoll" event method
2023/09/27 06:51:14 [notice] 1#1: nginx/1.21.0
2023/09/27 06:51:14 [notice] 1#1: built by gcc 10.2.1 20201203 (Alpine 10.2.1_pre1) 
2023/09/27 06:51:14 [notice] 1#1: OS: Linux 6.2.0-33-generic
2023/09/27 06:51:14 [notice] 1#1: getrlimit(RLIMIT_NOFILE): 1048576:1048576
2023/09/27 06:51:14 [notice] 1#1: start worker processes
2023/09/27 06:51:14 [notice] 1#1: start worker process 31
2023/09/27 06:51:14 [notice] 1#1: start worker process 32
2023/09/27 06:51:14 [notice] 1#1: start worker process 33
2023/09/27 06:51:14 [notice] 1#1: start worker process 34
2023/09/27 06:51:14 [notice] 1#1: start worker process 35
2023/09/27 06:51:14 [notice] 1#1: start worker process 36
2023/09/27 06:51:14 [notice] 1#1: start worker process 37
2023/09/27 06:51:14 [notice] 1#1: start worker process 38
2023/09/27 07:20:21 [notice] 1#1: signal 3 (SIGQUIT) received, shutting down
2023/09/27 07:20:21 [notice] 31#31: gracefully shutting down
2023/09/27 07:20:21 [notice] 32#32: gracefully shutting down
2023/09/27 07:20:21 [notice] 33#33: gracefully shutting down
2023/09/27 07:20:21 [notice] 34#34: gracefully shutting down
2023/09/27 07:20:21 [notice] 35#35: gracefully shutting down
2023/09/27 07:20:21 [notice] 36#36: gracefully shutting down
2023/09/27 07:20:21 [notice] 31#31: exiting
2023/09/27 07:20:21 [notice] 32#32: exiting
2023/09/27 07:20:21 [notice] 38#38: gracefully shutting down
2023/09/27 07:20:21 [notice] 33#33: exiting
2023/09/27 07:20:21 [notice] 34#34: exiting
2023/09/27 07:20:21 [notice] 35#35: exiting
2023/09/27 07:20:21 [notice] 36#36: exiting
2023/09/27 07:20:21 [notice] 38#38: exiting
2023/09/27 07:20:21 [notice] 32#32: exit
2023/09/27 07:20:21 [notice] 33#33: exit
2023/09/27 07:20:21 [notice] 34#34: exit
2023/09/27 07:20:21 [notice] 35#35: exit
2023/09/27 07:20:21 [notice] 36#36: exit
2023/09/27 07:20:21 [notice] 38#38: exit
2023/09/27 07:20:21 [notice] 31#31: exit
2023/09/27 07:20:21 [notice] 37#37: gracefully shutting down
2023/09/27 07:20:21 [notice] 37#37: exiting
2023/09/27 07:20:21 [notice] 37#37: exit
2023/09/27 07:20:21 [notice] 1#1: signal 17 (SIGCHLD) received from 32
2023/09/27 07:20:21 [notice] 1#1: worker process 32 exited with code 0
2023/09/27 07:20:21 [notice] 1#1: signal 29 (SIGIO) received
2023/09/27 07:20:21 [notice] 1#1: signal 17 (SIGCHLD) received from 36
2023/09/27 07:20:21 [notice] 1#1: worker process 36 exited with code 0
2023/09/27 07:20:21 [notice] 1#1: signal 29 (SIGIO) received
2023/09/27 07:20:21 [notice] 1#1: signal 17 (SIGCHLD) received from 35
2023/09/27 07:20:21 [notice] 1#1: worker process 35 exited with code 0
2023/09/27 07:20:21 [notice] 1#1: worker process 37 exited with code 0
2023/09/27 07:20:21 [notice] 1#1: signal 29 (SIGIO) received
2023/09/27 07:20:21 [notice] 1#1: signal 17 (SIGCHLD) received from 37
2023/09/27 07:20:21 [notice] 1#1: signal 17 (SIGCHLD) received from 33
2023/09/27 07:20:21 [notice] 1#1: worker process 33 exited with code 0
2023/09/27 07:20:21 [notice] 1#1: signal 29 (SIGIO) received
2023/09/27 07:20:21 [notice] 1#1: signal 17 (SIGCHLD) received from 38
2023/09/27 07:20:21 [notice] 1#1: worker process 38 exited with code 0
2023/09/27 07:20:21 [notice] 1#1: signal 29 (SIGIO) received
2023/09/27 07:20:21 [notice] 1#1: signal 17 (SIGCHLD) received from 31
2023/09/27 07:20:21 [notice] 1#1: worker process 31 exited with code 0
2023/09/27 07:20:21 [notice] 1#1: signal 29 (SIGIO) received
2023/09/27 07:20:21 [notice] 1#1: signal 17 (SIGCHLD) received from 34
2023/09/27 07:20:21 [notice] 1#1: worker process 34 exited with code 0
2023/09/27 07:20:21 [notice] 1#1: exit
2023/09/27 07:20:33 [notice] 1#1: using the "epoll" event method
2023/09/27 07:20:33 [notice] 1#1: nginx/1.21.0
2023/09/27 07:20:33 [notice] 1#1: built by gcc 10.2.1 20201203 (Alpine 10.2.1_pre1) 
2023/09/27 07:20:33 [notice] 1#1: OS: Linux 6.2.0-33-generic
2023/09/27 07:20:33 [notice] 1#1: getrlimit(RLIMIT_NOFILE): 1048576:1048576
2023/09/27 07:20:33 [notice] 1#1: start worker processes
2023/09/27 07:20:33 [notice] 1#1: start worker process 31
2023/09/27 07:20:33 [notice] 1#1: start worker process 32
2023/09/27 07:20:33 [notice] 1#1: start worker process 33
2023/09/27 07:20:33 [notice] 1#1: start worker process 34
2023/09/27 07:20:33 [notice] 1#1: start worker process 35
2023/09/27 07:20:33 [notice] 1#1: start worker process 36
2023/09/27 07:20:33 [notice] 1#1: start worker process 37
2023/09/27 07:20:33 [notice] 1#1: start worker process 38
